  maingame.cpp
C:\Users\STSNX\source\repos\RealSFML\RealSFML\textbox.h(7,1): warning C4005: 'DELETE': macro redefinition
C:\Program Files (x86)\Windows Kits\10\Include\10.0.18362.0\um\winnt.h(8943): message : see previous definition of 'DELETE'
C:\Users\STSNX\source\repos\RealSFML\RealSFML\textbox.h(38,23): warning C4018: '<': signed/unsigned mismatch
C:\Users\STSNX\source\repos\RealSFML\RealSFML\textbox.h(56,31): warning C4018: '<=': signed/unsigned mismatch
C:\Users\STSNX\source\repos\RealSFML\RealSFML\textbox.h(59,36): warning C4018: '>': signed/unsigned mismatch
C:\Users\STSNX\source\repos\RealSFML\RealSFML\textbox.h(96,22): warning C4018: '<': signed/unsigned mismatch
C:\Users\STSNX\source\repos\RealSFML\RealSFML\maingame.cpp(89,12): warning C4244: 'argument': conversion from 'time_t' to 'unsigned int', possible loss of data
C:\Users\STSNX\source\repos\RealSFML\RealSFML\maingame.cpp(299,62): warning C4244: '=': conversion from 'sf::Int32' to 'float', possible loss of data
C:\Users\STSNX\source\repos\RealSFML\RealSFML\maingame.cpp(300,62): warning C4244: '=': conversion from 'sf::Int32' to 'float', possible loss of data
C:\Users\STSNX\source\repos\RealSFML\RealSFML\maingame.cpp(301,61): warning C4244: '=': conversion from 'sf::Int32' to 'float', possible loss of data
C:\Users\STSNX\source\repos\RealSFML\RealSFML\maingame.cpp(312,70): warning C4244: 'argument': conversion from 'int' to 'T', possible loss of data
          with
          [
              T=float
          ]
C:\Users\STSNX\source\repos\RealSFML\RealSFML\maingame.cpp(318,71): warning C4244: 'argument': conversion from 'int' to 'T', possible loss of data
          with
          [
              T=float
          ]
C:\Users\STSNX\source\repos\RealSFML\RealSFML\maingame.cpp(324,71): warning C4244: 'argument': conversion from 'int' to 'T', possible loss of data
          with
          [
              T=float
          ]
C:\Users\STSNX\source\repos\RealSFML\RealSFML\maingame.cpp(484,54): warning C4244: '=': conversion from 'sf::Int32' to 'float', possible loss of data
C:\Users\STSNX\source\repos\RealSFML\RealSFML\maingame.cpp(485,55): warning C4244: '=': conversion from 'sf::Int32' to 'float', possible loss of data
C:\Users\STSNX\source\repos\RealSFML\RealSFML\maingame.cpp(486,57): warning C4244: '=': conversion from 'sf::Int32' to 'float', possible loss of data
C:\Users\STSNX\source\repos\RealSFML\RealSFML\maingame.cpp(487,59): warning C4244: '=': conversion from 'sf::Int32' to 'float', possible loss of data
C:\Users\STSNX\source\repos\RealSFML\RealSFML\maingame.cpp(488,64): warning C4244: '=': conversion from 'sf::Int32' to 'float', possible loss of data
C:\Users\STSNX\source\repos\RealSFML\RealSFML\maingame.cpp(489,60): warning C4244: '=': conversion from 'sf::Int32' to 'float', possible loss of data
C:\Users\STSNX\source\repos\RealSFML\RealSFML\maingame.cpp(490,64): warning C4244: '=': conversion from 'sf::Int32' to 'float', possible loss of data
C:\Users\STSNX\source\repos\RealSFML\RealSFML\maingame.cpp(492,65): warning C4244: '=': conversion from 'sf::Int32' to 'float', possible loss of data
C:\Users\STSNX\source\repos\RealSFML\RealSFML\maingame.cpp(493,64): warning C4244: '=': conversion from 'sf::Int32' to 'float', possible loss of data
C:\Users\STSNX\source\repos\RealSFML\RealSFML\maingame.cpp(494,72): warning C4244: '=': conversion from 'sf::Int32' to 'float', possible loss of data
C:\Users\STSNX\source\repos\RealSFML\RealSFML\maingame.cpp(495,50): warning C4244: '=': conversion from 'sf::Int32' to 'float', possible loss of data
C:\Users\STSNX\source\repos\RealSFML\RealSFML\maingame.cpp(496,50): warning C4244: '=': conversion from 'sf::Int32' to 'float', possible loss of data
C:\Users\STSNX\source\repos\RealSFML\RealSFML\maingame.cpp(497,58): warning C4244: '=': conversion from 'sf::Int32' to 'float', possible loss of data
C:\Users\STSNX\source\repos\RealSFML\RealSFML\maingame.cpp(499,52): warning C4244: '=': conversion from 'sf::Int32' to 'float', possible loss of data
C:\Users\STSNX\source\repos\RealSFML\RealSFML\maingame.cpp(504,29): warning C4244: '=': conversion from 'int' to 'float', possible loss of data
C:\Users\STSNX\source\repos\RealSFML\RealSFML\maingame.cpp(507,21): warning C4244: '=': conversion from 'int' to 'float', possible loss of data
C:\Users\STSNX\source\repos\RealSFML\RealSFML\maingame.cpp(508,35): warning C4244: '=': conversion from 'int' to 'float', possible loss of data
C:\Users\STSNX\source\repos\RealSFML\RealSFML\maingame.cpp(509,32): warning C4244: '=': conversion from 'int' to 'float', possible loss of data
C:\Users\STSNX\source\repos\RealSFML\RealSFML\maingame.cpp(642,55): warning C4244: '=': conversion from 'int' to 'float', possible loss of data
C:\Users\STSNX\source\repos\RealSFML\RealSFML\maingame.cpp(656,53): warning C4244: '=': conversion from 'double' to 'float', possible loss of data
C:\Users\STSNX\source\repos\RealSFML\RealSFML\maingame.cpp(680,61): warning C4244: '=': conversion from 'double' to 'float', possible loss of data
C:\Users\STSNX\source\repos\RealSFML\RealSFML\maingame.cpp(720,25): warning C4244: '=': conversion from 'int' to 'float', possible loss of data
C:\Users\STSNX\source\repos\RealSFML\RealSFML\maingame.cpp(817,65): warning C4244: 'argument': conversion from 'int' to 'T', possible loss of data
          with
          [
              T=float
          ]
C:\Users\STSNX\source\repos\RealSFML\RealSFML\maingame.cpp(1605,22): warning C4018: '<': signed/unsigned mismatch
C:\Users\STSNX\source\repos\RealSFML\RealSFML\maingame.cpp(200,8): warning C4101: 'event_enter': unreferenced local variable
C:\Users\STSNX\source\repos\RealSFML\RealSFML\maingame.cpp(1523,10): warning C4101: 'EVENT': unreferenced local variable
  RealSFML.vcxproj -> C:\Users\STSNX\source\repos\RealSFML\Debug\RealSFML.exe
